2025-02-02 21:26:04,529 INFO supervisord started with pid 1
2025-02-02 21:26:05,532 INFO spawned: 'laravel-worker_00' with pid 7
2025-02-02 21:26:05,536 WARN exited: laravel-worker_00 (exit status 127; not expected)
2025-02-02 21:26:06,539 INFO spawned: 'laravel-worker_00' with pid 8
2025-02-02 21:26:06,542 WARN exited: laravel-worker_00 (exit status 127; not expected)
2025-02-02 21:26:08,545 INFO spawned: 'laravel-worker_00' with pid 9
2025-02-02 21:26:08,548 WARN exited: laravel-worker_00 (exit status 127; not expected)
2025-02-02 21:26:11,553 INFO spawned: 'laravel-worker_00' with pid 10
2025-02-02 21:26:11,556 WARN exited: laravel-worker_00 (exit status 127; not expected)
2025-02-02 21:26:12,557 INFO gave up: laravel-worker_00 entered FATAL state, too many start retries too quickly
2025-02-02 21:29:54,837 WARN received SIGQUIT indicating exit request
2025-02-02 21:36:49,886 INFO Set uid to user 0 succeeded
2025-02-02 21:36:49,889 CRIT Server 'unix_http_server' running without any HTTP authentication checking
2025-02-02 21:36:49,889 INFO supervisord started with pid 1
2025-02-02 21:36:50,892 INFO spawned: 'laravel-worker_00' with pid 7
2025-02-02 21:36:51,893 INFO success: laravel-worker_00 entered RUNNING state, process has stayed up for > than 1 seconds (startsecs)
2025-02-02 21:39:26,024 WARN received SIGQUIT indicating exit request
2025-02-02 21:39:26,025 INFO waiting for laravel-worker_00 to die
2025-02-02 21:39:26,046 INFO stopped: laravel-worker_00 (exit status 0)
2025-02-02 21:39:51,030 INFO Set uid to user 0 succeeded
2025-02-02 21:39:51,033 INFO RPC interface 'supervisor' initialized
2025-02-02 21:39:51,033 CRIT Server 'unix_http_server' running without any HTTP authentication checking
2025-02-02 21:39:51,033 INFO supervisord started with pid 1
2025-02-02 21:39:52,036 INFO spawned: 'laravel-worker_00' with pid 7
2025-02-02 21:39:53,038 INFO success: laravel-worker_00 entered RUNNING state, process has stayed up for > than 1 seconds (startsecs)
2025-02-02 22:01:59,053 INFO waiting for laravel-worker_00 to stop
2025-02-02 22:01:59,060 INFO stopped: laravel-worker_00 (exit status 0)
2025-02-02 22:02:00,065 INFO spawned: 'laravel-worker_00' with pid 29
2025-02-02 22:02:01,067 INFO success: laravel-worker_00 entered RUNNING state, process has stayed up for > than 1 seconds (startsecs)
